2025-04-26T01:11:26+01:00 - Hourly Precip for 1: [0,0,0,0,0,0,0,0,0,0,0,0,0,0,0,0,0,0,0,0,0,0,0,0,0,0,0,0,0,0,0,0,0,0,0,0,0,0,0,0,0,0,0,0,0,0,0,0,0,0,0,0,0,0,0,0,0,0,0,0,0,0,0,0,0,0,0.1,0.2,0.5,0.1,0,0]
2025-04-26T01:11:26+01:00 - Hourly Prob for 1: [0,0,0,0,0,0,0,0,0,0,3,3,0,0,3,0,3,0,0,0,0,0,0,0,0,0,0,0,0,0,0,3,3,3,3,8,3,5,0,0,0,0,0,0,0,0,0,0,0,0,0,0,0,0,0,0,0,0,0,0,0,0,0,0,0,0,0,0,0,0,0,0]
2025-04-26T01:11:26+01:00 - Rain Hours for Sat, Apr 26: []
2025-04-26T01:11:26+01:00 - Rain Hours for Sun, Apr 27: []
2025-04-26T01:11:26+01:00 - Rain Hours for Mon, Apr 28: ["20:00"]
2025-04-26T01:11:53+01:00 - Hourly Precip for 1: [0,0,0,0,0,0,0,0,0,0,0,0,0,0,0,0,0,0,0,0,0,0,0,0,0,0,0,0,0,0,0,0,0,0,0,0,0,0,0,0,0,0,0,0,0,0,0,0,0,0,0,0,0,0,0,0,0,0,0,0,0,0,0,0,0,0,0.1,0.2,0.5,0.1,0,0]
2025-04-26T01:11:53+01:00 - Hourly Prob for 1: [0,0,0,0,0,0,0,0,0,0,3,3,0,0,3,0,3,0,0,0,0,0,0,0,0,0,0,0,0,0,0,3,3,3,3,8,3,5,0,0,0,0,0,0,0,0,0,0,0,0,0,0,0,0,0,0,0,0,0,0,0,0,0,0,0,0,0,0,0,0,0,0]
2025-04-26T01:11:53+01:00 - Rain Hours for Sat, Apr 26: []
2025-04-26T01:11:53+01:00 - Rain Hours for Sun, Apr 27: []
2025-04-26T01:11:53+01:00 - Rain Hours for Mon, Apr 28: ["20:00"]
2025-04-26T01:12:19+01:00 - Hourly Precip for 1: [0,0,0,0,0,0,0,0,0,0,0,0,0,0,0,0,0,0,0,0,0,0,0,0,0,0,0,0,0,0,0,0,0,0,0,0,0,0,0,0,0,0,0,0,0,0,0,0,0,0,0,0,0,0,0,0,0,0,0,0,0,0,0,0,0,0,0.1,0.2,0.5,0.1,0,0]
2025-04-26T01:12:19+01:00 - Hourly Prob for 1: [0,0,0,0,0,0,0,0,0,0,3,3,0,0,3,0,3,0,0,0,0,0,0,0,0,0,0,0,0,0,0,3,3,3,3,8,3,5,0,0,0,0,0,0,0,0,0,0,0,0,0,0,0,0,0,0,0,0,0,0,0,0,0,0,0,0,0,0,0,0,0,0]
2025-04-26T01:12:19+01:00 - Rain Hours for Sat, Apr 26: []
2025-04-26T01:12:19+01:00 - Rain Hours for Sun, Apr 27: []
2025-04-26T01:12:19+01:00 - Rain Hours for Mon, Apr 28: ["20:00"]
2025-04-26T01:14:30+01:00 - Hourly Precip for 1: [0,0,0,0,0,0,0,0,0,0,0,0,0,0,0,0,0,0,0,0,0,0,0,0,0,0,0,0,0,0,0,0,0,0,0,0,0,0,0,0,0,0,0,0,0,0,0,0,0,0,0,0,0,0,0,0,0,0,0,0,0,0,0,0,0,0,0.1,0.2,0.5,0.1,0,0]
2025-04-26T01:14:30+01:00 - Hourly Prob for 1: [0,0,0,0,0,0,0,0,0,0,3,3,0,0,3,0,3,0,0,0,0,0,0,0,0,0,0,0,0,0,0,3,3,3,3,8,3,5,0,0,0,0,0,0,0,0,0,0,0,0,0,0,0,0,0,0,0,0,0,0,0,0,0,0,0,0,0,0,0,0,0,0]
2025-04-26T01:14:30+01:00 - Rain Hours for Sat, Apr 26: []
2025-04-26T01:14:30+01:00 - Rain Hours for Sun, Apr 27: []
2025-04-26T01:14:30+01:00 - Rain Hours for Mon, Apr 28: ["7:00PM","8:00PM"]
2025-04-26T01:19:14+01:00 - Hourly Precip for 1: [0,0,0,0,0,0,0,0,0,0,0,0,0,0,0,0,0,0,0,0,0,0,0,0,0,0,0,0,0,0,0,0,0,0,0,0,0,0,0,0,0,0,0,0,0,0,0,0,0,0,0,0,0,0,0,0,0,0,0,0,0,0,0,0,0,0,0.1,0.2,0.5,0.1,0,0]
2025-04-26T01:19:14+01:00 - Hourly Prob for 1: [0,0,0,0,0,0,0,0,0,0,3,3,0,0,3,0,3,0,0,0,0,0,0,0,0,0,0,0,0,0,0,3,3,3,3,8,3,5,0,0,0,0,0,0,0,0,0,0,0,0,0,0,0,0,0,0,0,0,0,0,0,0,0,0,0,0,0,0,0,0,0,0]
2025-04-26T01:19:14+01:00 - Rain Hours for Sat, Apr 26: []
2025-04-26T01:19:14+01:00 - Rain Hours for Sun, Apr 27: []
2025-04-26T01:19:14+01:00 - Rain Hours for Mon, Apr 28: ["7:00PM","8:00PM"]
2025-04-26T01:20:07+01:00 - Hourly Precip for 1: [0,0,0,0,0,0,0,0,0,0,0,0,0,0,0,0,0,0,0,0,0,0,0,0,0,0,0,0,0,0,0,0,0,0,0,0,0,0,0,0,0,0,0,0,0,0,0,0,0,0,0,0,0,0,0,0,0,0,0,0,0,0,0,0,0,0,0.1,0.2,0.5,0.1,0,0]
2025-04-26T01:20:07+01:00 - Hourly Prob for 1: [0,0,0,0,0,0,0,0,0,0,3,3,0,0,3,0,3,0,0,0,0,0,0,0,0,0,0,0,0,0,0,3,3,3,3,8,3,5,0,0,0,0,0,0,0,0,0,0,0,0,0,0,0,0,0,0,0,0,0,0,0,0,0,0,0,0,0,0,0,0,0,0]
2025-04-26T01:20:07+01:00 - Rain Hours for Sat, Apr 26: []
2025-04-26T01:20:07+01:00 - Rain Hours for Sun, Apr 27: []
2025-04-26T01:20:07+01:00 - Rain Hours for Mon, Apr 28: ["7:00PM","8:00PM"]
2025-04-26T01:21:35+01:00 - Hourly Precip for 2: [0,0,0,0,0,0,0,0,0,0,0,0,0,0,0,0,0,0,0,0,0,0,0,0,0,0,0,0,0,0,0,0,0,0,0,0,0,0,0,0,0,0,0,0,0,0,0,0,0,0,0,0,0,0,0,0,0,0,0,0,0,0,0,0,0,0,0,0,0,0,0,0]
2025-04-26T01:21:35+01:00 - Hourly Prob for 2: [0,0,0,0,0,0,0,0,0,0,0,0,3,0,5,3,8,0,0,0,0,0,0,0,0,0,0,0,0,0,0,0,0,0,0,0,0,5,13,17,20,20,16,9,3,1,0,0,0,0,0,1,2,3,2,1,0,0,0,0,4,4,5,5,6,6,6,5,5,4,4,3]
2025-04-26T01:21:35+01:00 - Rain Hours for Sat, Apr 26: []
2025-04-26T01:21:35+01:00 - Rain Hours for Sun, Apr 27: ["4:00PM","5:00PM"]
2025-04-26T01:21:35+01:00 - Rain Hours for Mon, Apr 28: []
2025-04-26T01:23:14+01:00 - Hourly Precip for 1: [0,0,0,0,0,0,0,0,0,0,0,0,0,0,0,0,0,0,0,0,0,0,0,0,0,0,0,0,0,0,0,0,0,0,0,0,0,0,0,0,0,0,0,0,0,0,0,0,0,0,0,0,0,0,0,0,0,0,0,0,0,0,0,0,0,0,0.1,0.2,0.5,0.1,0,0]
2025-04-26T01:23:14+01:00 - Hourly Prob for 1: [0,0,0,0,0,0,0,0,0,0,3,3,0,0,3,0,3,0,0,0,0,0,0,0,0,0,0,0,0,0,0,3,3,3,3,8,3,5,0,0,0,0,0,0,0,0,0,0,0,0,0,0,0,0,0,0,0,0,0,0,0,0,0,0,0,0,0,0,0,0,0,0]
2025-04-26T01:23:14+01:00 - Rain Hours for Sat, Apr 26: []
2025-04-26T01:23:14+01:00 - Rain Types for Sat, Apr 26: []
2025-04-26T01:23:14+01:00 - Rain Hours for Sun, Apr 27: []
2025-04-26T01:23:14+01:00 - Rain Types for Sun, Apr 27: []
2025-04-26T01:23:14+01:00 - Rain Hours for Mon, Apr 28: ["7:00PM","8:00PM"]
2025-04-26T01:23:14+01:00 - Rain Types for Mon, Apr 28: ["Light rain","Light rain"]
2025-04-26T01:25:23+01:00 - Hourly Precip for 1: [0,0,0,0,0,0,0,0,0,0,0,0,0,0,0,0,0,0,0,0,0,0,0,0,0,0,0,0,0,0,0,0,0,0,0,0,0,0,0,0,0,0,0,0,0,0,0,0,0,0,0,0,0,0,0,0,0,0,0,0,0,0,0,0,0,0,0.1,0.2,0.5,0.1,0,0]
2025-04-26T01:25:23+01:00 - Hourly Prob for 1: [0,0,0,0,0,0,0,0,0,0,3,3,0,0,3,0,3,0,0,0,0,0,0,0,0,0,0,0,0,0,0,3,3,3,3,8,3,5,0,0,0,0,0,0,0,0,0,0,0,0,0,0,0,0,0,0,0,0,0,0,0,0,0,0,0,0,0,0,0,0,0,0]
2025-04-26T01:25:23+01:00 - Rain Hours for Sat, Apr 26: []
2025-04-26T01:25:23+01:00 - Rain Types for Sat, Apr 26: []
2025-04-26T01:25:23+01:00 - Rain Hours for Sun, Apr 27: []
2025-04-26T01:25:23+01:00 - Rain Types for Sun, Apr 27: []
2025-04-26T01:25:23+01:00 - Rain Hours for Mon, Apr 28: ["7:00PM","8:00PM"]
2025-04-26T01:25:23+01:00 - Rain Types for Mon, Apr 28: ["Light rain","Light rain"]
2025-04-26T10:25:20+01:00 - Hourly Precip for 1: [0,0,0,0,0,0,0,0,0,0,0,0,0,0,0,0,0,0,0,0,0,0,0,0,0,0,0,0,0,0,0,0,0,0,0,0,0,0,0,0,0,0,0,0,0,0,0,0,0,0,0,0,0,0,0,0,0,0,0,0,0,0,0,0,0,0,0,0.1,0.1,0,0,0]
2025-04-26T10:25:20+01:00 - Hourly Prob for 1: [0,0,0,0,0,0,0,0,0,0,3,3,5,0,0,0,0,0,0,0,0,0,0,0,0,0,0,0,0,0,0,3,0,0,0,0,0,0,0,0,0,0,0,0,0,0,0,0,0,0,0,0,0,0,0,0,0,0,0,0,0,0,0,0,0,0,0,0,0,0,0,0]
2025-04-26T10:25:20+01:00 - Rain Hours for Sat, Apr 26: []
2025-04-26T10:25:20+01:00 - Rain Types for Sat, Apr 26: []
2025-04-26T10:25:20+01:00 - Rain Hours for Sun, Apr 27: []
2025-04-26T10:25:20+01:00 - Rain Types for Sun, Apr 27: []
2025-04-26T10:25:20+01:00 - Rain Hours for Mon, Apr 28: []
2025-04-26T10:25:20+01:00 - Rain Types for Mon, Apr 28: []
2025-04-26T10:25:40+01:00 - Hourly Precip for 2: [0,0,0,0,0,0,0,0,0,0,0,0,0,0,0,0,0,0,0,0,0,0,0,0,0,0,0,0,0,0,0,0,0,0,0,0,0,0,0,0,0.1,0.1,0,0,0,0,0,0,0,0,0,0,0,0,0,0,0,0,0,0,0,0,0,0,0,0,0,0,0,0,0,0]
2025-04-26T10:25:40+01:00 - Hourly Prob for 2: [0,0,0,0,0,0,0,0,0,0,0,0,0,0,0,0,3,0,0,0,0,0,0,0,0,0,0,0,0,0,0,0,0,0,0,3,0,3,8,8,18,15,5,0,0,5,3,0,0,0,0,0,0,0,0,0,0,0,0,0,1,2,3,4,5,5,5,4,3,2,1,0]
2025-04-26T10:25:40+01:00 - Rain Hours for Sat, Apr 26: []
2025-04-26T10:25:40+01:00 - Rain Types for Sat, Apr 26: []
2025-04-26T10:25:40+01:00 - Rain Hours for Sun, Apr 27: []
2025-04-26T10:25:40+01:00 - Rain Types for Sun, Apr 27: []
2025-04-26T10:25:40+01:00 - Rain Hours for Mon, Apr 28: []
2025-04-26T10:25:40+01:00 - Rain Types for Mon, Apr 28: []
2025-04-29T23:25:44+01:00 - Hourly Precip for 1: [0,0,0,0,0,0,0,0,0,0,0,0,0,0,0,0,0,0,0,0,0,0,0,0,0,0,0,0,0,0,0,0,0,0,0,0,0,0,0,0.1,0.1,0,0,0,0,0,0,0,0,0,0,0,0,0,0,0,0,0,0,0,0,0,0,0,0,0.1,0.1,0,0,0,0,0]
2025-04-29T23:25:44+01:00 - Hourly Prob for 1: [0,0,0,0,0,0,0,0,0,0,0,0,0,0,0,0,0,0,0,0,0,0,0,0,0,0,0,0,0,0,0,0,0,0,0,0,0,0,3,2,1,0,0,0,0,0,0,0,0,0,0,0,0,0,0,0,0,0,0,0,0,0,0,0,0,0,0,0,0,0,0,0]
2025-04-29T23:25:44+01:00 - Rain Hours for Tue, Apr 29: []
2025-04-29T23:25:44+01:00 - Rain Types for Tue, Apr 29: []
2025-04-29T23:25:44+01:00 - Rain Hours for Wed, Apr 30: []
2025-04-29T23:25:44+01:00 - Rain Types for Wed, Apr 30: []
2025-04-29T23:25:44+01:00 - Rain Hours for Thu, May 1: []
2025-04-29T23:25:44+01:00 - Rain Types for Thu, May 1: []
2025-07-07T13:47:08+01:00 - Hourly Precip for 1: [0,0,0,0,0,0,0,0,0,0,0,0,0,0,0,0,0,0,0,0,0,0,0,0,0,0,0,0,0,0,0,0,0,0,0,0,0,0,0,0,0,0,0,0,0,0,0,0,0,0,0,0,0,0,0,0,0,0,0,0,0,0,0,0,0,0,0.1,0,0,0,0,0]
2025-07-07T13:47:08+01:00 - Hourly Prob for 1: [0,0,0,0,0,0,0,0,0,0,0,0,0,0,0,0,0,0,0,0,0,0,0,0,0,0,0,0,0,0,0,0,0,0,0,0,0,0,0,0,0,0,3,0,0,0,0,0,0,0,0,0,0,0,1,2,3,2,1,0,0,0,0,0,0,0,0,0,0,0,0,0]
2025-07-07T13:47:08+01:00 - Rain Hours for Mon, Jul 7: []
2025-07-07T13:47:08+01:00 - Rain Types for Mon, Jul 7: []
2025-07-07T13:47:08+01:00 - Rain Hours for Tue, Jul 8: []
2025-07-07T13:47:08+01:00 - Rain Types for Tue, Jul 8: []
2025-07-07T13:47:08+01:00 - Rain Hours for Wed, Jul 9: []
2025-07-07T13:47:08+01:00 - Rain Types for Wed, Jul 9: []
2025-07-07T13:52:28+01:00 - Hourly Precip for 2: [0,0,0,0,0,0,0,0,0,0,0,0,0,0,0,0,0,0,0,0,0,0,0,0,0,0,0,0,0,0,0,0,0,0,0,0,0,0,0,0,0,0,0,0,0,0,0,0,0,0,0,0,0,0,0,0,0,0,0.1,0.1,0,0,0,0.1,0,0,0,0,0,0,0,0]
2025-07-07T13:52:28+01:00 - Hourly Prob for 2: [0,0,0,0,0,0,0,0,0,0,0,0,0,0,0,0,0,0,0,0,0,0,0,0,0,0,3,0,0,3,5,15,8,10,8,5,10,3,0,3,8,8,20,25,25,33,48,40,35,35,33,37,43,48,51,52,53,55,57,55,46,34,23,14,6,3,6,14,20,22,22,23]
2025-07-07T13:52:28+01:00 - Rain Hours for Mon, Jul 7: []
2025-07-07T13:52:28+01:00 - Rain Types for Mon, Jul 7: []
2025-07-07T13:52:28+01:00 - Rain Hours for Tue, Jul 8: ["6:00PM","7:00PM","8:00PM","9:00PM","10:00PM","11:00PM"]
2025-07-07T13:52:28+01:00 - Rain Types for Tue, Jul 8: ["Light rain","Light rain","Light rain","Light rain","Light rain","Light rain"]
2025-07-07T13:52:28+01:00 - Rain Hours for Wed, Jul 9: ["12:00AM","1:00AM","2:00AM","3:00AM","4:00AM","5:00AM","6:00AM","7:00AM","8:00AM","9:00AM","10:00AM","11:00AM","12:00PM","1:00PM","2:00PM","8:00PM","9:00PM","10:00PM","11:00PM"]
2025-07-07T13:52:28+01:00 - Rain Types for Wed, Jul 9: ["Light rain","Light rain","Light rain","Light rain","Light rain","Light rain","Light rain","Light rain","Light rain","Light rain","Light rain","Light rain","Light rain","Light rain","Light rain","Light rain","Light rain","Light rain","Light rain"]
2025-07-14T13:44:50+01:00 - Hourly Precip for 1: [0,0,0,0,0,0,0,0,0,0,0,0,0,0,0,0,0,0,0,0.1,0,0,0,0,0,0,0,0,0,0,0,0,0,0,0,0,0,0,0,0,0,0,0,0,0.1,0,0,0,0,0,0,0,0,0,0,0,0,0,0,0,0,0,0,0,0,0,0,0,0,0,0,0]
2025-07-14T13:44:50+01:00 - Hourly Prob for 1: [0,0,0,0,0,0,0,0,0,0,0,0,0,0,0,0,0,0,0,0,0,0,0,0,0,0,0,0,0,0,0,0,0,0,0,0,0,0,0,0,0,0,0,3,3,0,0,0,0,0,0,0,0,0,0,0,0,0,0,0,0,0,0,0,0,0,0,0,0,0,0,0]
2025-07-14T13:44:50+01:00 - Rain Hours for Mon, Jul 14: []
2025-07-14T13:44:50+01:00 - Rain Types for Mon, Jul 14: []
2025-07-14T13:44:50+01:00 - Rain Hours for Tue, Jul 15: []
2025-07-14T13:44:50+01:00 - Rain Types for Tue, Jul 15: []
2025-07-14T13:44:50+01:00 - Rain Hours for Wed, Jul 16: []
2025-07-14T13:44:50+01:00 - Rain Types for Wed, Jul 16: []
2025-10-02T10:36:17+01:00 - Hourly Precip for 1: [0,0,0,0,0,0,0,0,0,0,0,0,0,0,0,0,0,0,0,0,0,0,0,0,0,0,0,0,0,0,0,0,0,0,0,0,0,0,0,0,0,0,0,0,0,0,0,0,0,0,0,0,0,0,0,0,0,0,0,0,0,0,0,0,0,0,0,0,0,0,0,0]
2025-10-02T10:36:17+01:00 - Hourly Prob for 1: [0,0,0,0,0,0,0,0,0,0,0,0,0,0,0,0,0,0,0,0,0,0,0,0,0,0,0,0,0,0,0,0,0,0,0,0,0,0,0,0,0,0,0,0,0,0,0,0,0,0,0,0,0,0,0,0,0,0,0,0,0,0,0,0,0,0,0,0,0,0,0,0]
2025-10-02T10:36:17+01:00 - Rain Hours for Thu, Oct 2: []
2025-10-02T10:36:17+01:00 - Rain Types for Thu, Oct 2: []
2025-10-02T10:36:17+01:00 - Rain Hours for Fri, Oct 3: []
2025-10-02T10:36:17+01:00 - Rain Types for Fri, Oct 3: []
2025-10-02T10:36:17+01:00 - Rain Hours for Sat, Oct 4: []
2025-10-02T10:36:17+01:00 - Rain Types for Sat, Oct 4: []
